<<<<<<< HEAD
﻿生成启动时间为 2015/4/25 23:48:05。
=======
﻿生成启动时间为 2015/4/22 0:01:08。
>>>>>>> origin/master
     1>项目“D:\Workspace\C++\Library\Library\Library.vcxproj”在节点 2 上(Build 个目标)。
     1>ClCompile:
         D:\DevSoft\Microsoft Visual Studio 12.0\VC\bin\CL.exe /c /ZI /nologo /W3 /WX- /sdl /Od /Oy- /D _MBCS /Gm /EHsc /RTC1 /MDd /GS /fp:precise /Zc:wchar_t /Zc:forScope /Fo"Debug\\" /Fd"Debug\vc120.pdb" /Gd /TP /analyze- /errorReport:prompt Student.cpp main.cpp
         main.cpp
         Student.cpp
         正在生成代码...
       Link:
         D:\DevSoft\Microsoft Visual Studio 12.0\VC\bin\link.exe /ERRORREPORT:PROMPT /OUT:"D:\Workspace\C++\Library\Debug\Library.exe" /INCREMENTAL /NOLOGO kernel32.lib user32.lib gdi32.lib winspool.lib comdlg32.lib advapi32.lib shell32.lib ole32.lib oleaut32.lib uuid.lib odbc32.lib odbccp32.lib /MANIFEST /MANIFESTUAC:"level='asInvoker' uiAccess='false'" /manifest:embed /DEBUG /PDB:"D:\Workspace\C++\Library\Debug\Library.pdb" /TLBID:1 /DYNAMICBASE /NXCOMPAT /IMPLIB:"D:\Workspace\C++\Library\Debug\Library.lib" /MACHINE:X86 Debug\DBUtil.obj
         Debug\FileUtil.obj
         Debug\main.obj
         Debug\Manager.obj
         Debug\Student.obj
         Debug\User.obj
         Library.vcxproj -> D:\Workspace\C++\Library\Debug\Library.exe
     1>已完成生成项目“D:\Workspace\C++\Library\Library\Library.vcxproj”(Build 个目标)的操作。

生成成功。

<<<<<<< HEAD
已用时间 00:00:01.66
=======
已用时间 00:00:01.75
>>>>>>> origin/master
